<?xml version="1.0" encoding="UTF-8"?>
<Site BuildName="(empty)"
	BuildStamp="20260517-1722-Experimental"
	Name="(empty)"
	Generator="ctest-4.3.2"
	CompilerName=""
	CompilerVersion=""
	OSName="macOS"
	Hostname="joyong-gug-ui-MacBookAir.local"
	OSRelease="26.5"
	OSVersion="25F71"
	OSPlatform="arm64"
	Is64Bits="1"
	VendorString="Apple"
	VendorID="Apple"
	FamilyID="0"
	ModelID="0"
	ModelName="Apple M4"
	ProcessorCacheSize="131072"
	NumberOfLogicalCPU="10"
	NumberOfPhysicalCPU="10"
	TotalVirtualMemory="0"
	TotalPhysicalMemory="16384"
	LogicalProcessorsPerPhysical="10"
	ProcessorClockFrequency="0.000000"
	>
	<Testing>
		<StartDateTime>May 18 23:02 KST</StartDateTime>
		<StartTestTime>1779112931</StartTestTime>
		<TestList/>
		<EndDateTime>May 18 23:02 KST</EndDateTime>
		<EndTestTime>1779112931</EndTestTime>
		<ElapsedMinutes>0</ElapsedMinutes>
	</Testing>
</Site>
